0 info it worked if it ends with ok
1 verbose cli [ 'node', '/usr/local/bin/npm', 'install', 'aws_s3', '--save' ]
2 info using npm@1.4.3
3 info using node@v0.10.26
4 verbose readDependencies using package.json deps
5 verbose cache add [ 'aws_s3', null ]
6 verbose cache add name=undefined spec="aws_s3" args=["aws_s3",null]
7 verbose parsed url { protocol: null,
7 verbose parsed url   slashes: null,
7 verbose parsed url   auth: null,
7 verbose parsed url   host: null,
7 verbose parsed url   port: null,
7 verbose parsed url   hostname: null,
7 verbose parsed url   hash: null,
7 verbose parsed url   search: null,
7 verbose parsed url   query: null,
7 verbose parsed url   pathname: 'aws_s3',
7 verbose parsed url   path: 'aws_s3',
7 verbose parsed url   href: 'aws_s3' }
8 silly lockFile 008eee8e-aws-s3 aws_s3
9 verbose lock aws_s3 /Users/lukefrake/.npm/008eee8e-aws-s3.lock
10 silly lockFile 008eee8e-aws-s3 aws_s3
11 silly lockFile 008eee8e-aws-s3 aws_s3
12 verbose addNamed [ 'aws_s3', '' ]
13 verbose addNamed [ null, '*' ]
14 silly lockFile 6dc912fc-aws-s3 aws_s3@
15 verbose lock aws_s3@ /Users/lukefrake/.npm/6dc912fc-aws-s3.lock
16 silly addNameRange { name: 'aws_s3', range: '*', hasData: false }
17 verbose url raw aws_s3
18 verbose url resolving [ 'https://registry.npmjs.org/', './aws_s3' ]
19 verbose url resolved https://registry.npmjs.org/aws_s3
20 info trying registry request attempt 1 at 16:00:15
21 http GET https://registry.npmjs.org/aws_s3
22 http 404 https://registry.npmjs.org/aws_s3
23 silly registry.get cb [ 404,
23 silly registry.get   { date: 'Wed, 02 Jul 2014 15:00:16 GMT',
23 silly registry.get     server: 'CouchDB/1.5.0 (Erlang OTP/R16B03)',
23 silly registry.get     'content-type': 'application/json',
23 silly registry.get     'cache-control': 'max-age=0',
23 silly registry.get     'content-length': '52',
23 silly registry.get     'accept-ranges': 'bytes',
23 silly registry.get     via: '1.1 varnish',
23 silly registry.get     age: '0',
23 silly registry.get     'x-served-by': 'cache-ams4125-AMS',
23 silly registry.get     'x-cache': 'MISS',
23 silly registry.get     'x-cache-hits': '0',
23 silly registry.get     'x-timer': 'S1404313216.723034,VS0,VE171',
23 silly registry.get     'keep-alive': 'timeout=10, max=50',
23 silly registry.get     connection: 'Keep-Alive' } ]
24 silly lockFile 6dc912fc-aws-s3 aws_s3@
25 silly lockFile 6dc912fc-aws-s3 aws_s3@
26 error 404 'aws_s3' is not in the npm registry.
26 error 404 You should bug the author to publish it
26 error 404 It was specified as a dependency of 'speed-test'
26 error 404
26 error 404 Note that you can also install from a
26 error 404 tarball, folder, or http url, or git url.
27 error System Darwin 13.1.0
28 error command "node" "/usr/local/bin/npm" "install" "aws_s3" "--save"
29 error cwd /Applications/MAMP/htdocs/webpagetest-wrapper
30 error node -v v0.10.26
31 error npm -v 1.4.3
32 error code E404
33 verbose exit [ 1, true ]
